<!DOCTYPE html>
<html>
<head>
<meta http-equiv="Content-Type" content="text/html; charset=utf-8"/>
<meta http-equiv="x-ua-compatible" content="IE=edge"/>
<title>Test results - Class Formulario de Registro</title>
<link href="../css/base-style.css" rel="stylesheet" type="text/css"/>
<link href="../css/style.css" rel="stylesheet" type="text/css"/>
<script src="../js/report.js" type="text/javascript"></script>
</head>
<body>
<div id="content">
<h1>Class Formulario de Registro</h1>
<div class="breadcrumbs">
<a href="../index.html">all</a> &gt; 
<a href="../packages/default-package.html">default-package</a> &gt; Formulario de Registro</div>
<div id="summary">
<table>
<tr>
<td>
<div class="summaryGroup">
<table>
<tr>
<td>
<div class="infoBox" id="tests">
<div class="counter">1</div>
<p>tests</p>
</div>
</td>
<td>
<div class="infoBox" id="failures">
<div class="counter">1</div>
<p>failures</p>
</div>
</td>
<td>
<div class="infoBox" id="ignored">
<div class="counter">0</div>
<p>ignored</p>
</div>
</td>
<td>
<div class="infoBox" id="duration">
<div class="counter">15.673s</div>
<p>duration</p>
</div>
</td>
</tr>
</table>
</div>
</td>
<td>
<div class="infoBox failures" id="successRate">
<div class="percent">0%</div>
<p>successful</p>
</div>
</td>
</tr>
</table>
</div>
<div id="tabs">
<ul class="tabLinks">
<li>
<a href="#tab0">Failed tests</a>
</li>
<li>
<a href="#tab1">Tests</a>
</li>
<li>
<a href="#tab2">Standard output</a>
</li>
<li>
<a href="#tab3">Standard error</a>
</li>
</ul>
<div id="tab0" class="tab">
<h2>Failed tests</h2>
<div class="test">
<a name="Otro usuario nuevo quiero registrarme en el portal de compras"></a>
<h3 class="failures">Otro usuario nuevo quiero registrarme en el portal de compras</h3>
<span class="code">
<pre>java.lang.AssertionError: El usuario esta en la paguina MY ACCOUNT
Expected: &quot;MY ACCOUNT2&quot;
     but: was &quot;MY ACCOUNT&quot;
	at org.hamcrest.MatcherAssert.assertThat(MatcherAssert.java:20)
	at com.indra.steps_definitions.SignInSteps.elSistemeDeberiaRealizarElRegistroDirigiendoAlUsuarioALaPaginaMyAccount(SignInSteps.java:41)
	at ✽.el sisteme deberia realizar el registro, dirigiendo al usuario a la pagina My Account(src/test/resources/features/automationpractice/sing_in/sign_in.feature:23)
</pre>
</span>
</div>
</div>
<div id="tab1" class="tab">
<h2>Tests</h2>
<table>
<thead>
<tr>
<th>Test</th>
<th>Duration</th>
<th>Result</th>
</tr>
</thead>
<tr>
<td class="failures">Otro usuario nuevo quiero registrarme en el portal de compras</td>
<td class="failures">15.673s</td>
<td class="failures">failed</td>
</tr>
</table>
</div>
<div id="tab2" class="tab">
<h2>Standard output</h2>
<span class="code">
<pre>12:24:51.169 [Test worker] INFO net.serenitybdd.core.webdriver.driverproviders.ProvideNewDriver - Instantiating driver
12:24:51.169 [Test worker] INFO net.serenitybdd.core.webdriver.driverproviders.ProvideNewDriver - Driver capabilities: Capabilities {acceptInsecureCerts: false, acceptSslCerts: true, browserName: chrome, goog:chromeOptions: {args: [], extensions: []}, incognito: true, loggingPrefs: org.openqa.selenium.logging..., platform: ANY, version: }
12:24:56.726 [Test worker] DEBUG net.serenitybdd.core.photography.Darkroom - Opening darkroom
12:24:56.727 [Darkroom Processing Line] DEBUG net.serenitybdd.core.photography.DarkroomProcessingLine - Darkroom processing line starting up
12:24:56.882 [Test worker] DEBUG net.serenitybdd.core.photography.Darkroom - Send negative for processing for C:\Repo\dojo_serenity_cucumber\target\site\serenity\c6ea513785c80f4d3ac7fcc84d2e4e02098eaa472280f845a0d68a042f7613fc.png
12:24:57.650 [Test worker] DEBUG net.serenitybdd.core.photography.Darkroom - Send negative for processing for C:\Repo\dojo_serenity_cucumber\target\site\serenity\d152d0ac5b1dcb521f5d22d5b150f550ea0b595ab15842be3b012b3705d2e262.png
12:24:57.652 [Darkroom Processing Line] DEBUG net.serenitybdd.core.photography.DarkroomProcessingLine - Processing screenshot image in /var/screenshots/screenshot-3063667313658422290
12:24:57.652 [Darkroom Processing Line] DEBUG net.serenitybdd.core.photography.DarkroomProcessingLine - Saving screenshot to C:\Repo\dojo_serenity_cucumber\target\site\serenity\d152d0ac5b1dcb521f5d22d5b150f550ea0b595ab15842be3b012b3705d2e262.png
12:25:04.423 [Test worker] DEBUG net.serenitybdd.core.photography.Darkroom - Send negative for processing for C:\Repo\dojo_serenity_cucumber\target\site\serenity\98c669e363f33008a4d4ad3eb10cbd3433633b3bf32e9201bd5954086f5b5af4.png
12:25:04.602 [Test worker] DEBUG net.serenitybdd.core.photography.Darkroom - Send negative for processing for C:\Repo\dojo_serenity_cucumber\target\site\serenity\98c669e363f33008a4d4ad3eb10cbd3433633b3bf32e9201bd5954086f5b5af4.png
12:25:06.212 [Test worker] ERROR net.thucydides.core.steps.ConsoleLoggingListener - ?[91m
           __  _____ _____ ____ _____   _____ _    ___ _     _____ ____  
  _       / / |_   _| ____/ ___|_   _| |  ___/ \  |_ _| |   | ____|  _ \ 
 (_)_____| |    | | |  _| \___ \ | |   | |_ / _ \  | || |   |  _| | | | |
  _|_____| |    | | | |___ ___) || |   |  _/ ___ \ | || |___| |___| |_| |
 (_)     | |    |_| |_____|____/ |_|   |_|/_/   \_\___|_____|_____|____/ 
          \_\                                                            

TEST FAILED: Otro usuario nuevo quiero registrarme en el portal de compras
--------------------------------------------------------------------------?[0m
12:25:06.214 [Test worker] DEBUG net.thucydides.core.steps.ConsoleLoggingListener - RELATED ISSUES: 
12:25:06.271 [Test worker] ERROR net.thucydides.core.steps.ConsoleLoggingListener - ?[91mTEST FAILED AT STEP Then el sisteme deberia realizar el registro, dirigiendo al usuario a la pagina My Account?[0m
12:25:06.271 [Test worker] ERROR net.thucydides.core.steps.ConsoleLoggingListener - El usuario esta en la paguina MY ACCOUNTExpected: &quot;MY ACCOUNT2&quot; but: was &quot;MY ACCOUNT&quot;
</pre>
</span>
</div>
<div id="tab3" class="tab">
<h2>Standard error</h2>
<span class="code">
<pre>dic 21, 2021 12:24:50 PM org.openqa.selenium.remote.DesiredCapabilities chrome
INFORMACIÓN: Using `new ChromeOptions()` is preferred to `DesiredCapabilities.chrome()`
Starting ChromeDriver 96.0.4664.45 (76e4c1bb2ab4671b8beba3444e61c0f17584b2fc-refs/branch-heads/4664@{#947}) on port 6521
Only local connections are allowed.
Please see https://chromedriver.chromium.org/security-considerations for suggestions on keeping ChromeDriver safe.
ChromeDriver was started successfully.
dic 21, 2021 12:24:53 PM org.openqa.selenium.remote.ProtocolHandshake createSession
INFORMACIÓN: Detected dialect: W3C
</pre>
</span>
</div>
</div>
<div id="footer">
<p>
<div>
<label class="hidden" id="label-for-line-wrapping-toggle" for="line-wrapping-toggle">Wrap lines
<input id="line-wrapping-toggle" type="checkbox" autocomplete="off"/>
</label>
</div>Generated by 
<a href="http://www.gradle.org">Gradle 7.1</a> at 21/12/2021 12:25:07 PM</p>
</div>
</div>
</body>
</html>
